# JRE version: OpenJDK Runtime Environment (8.0_212-b04) (build 1.8.0_212-release-1586-b04)
# Java VM: OpenJDK 64-Bit Server VM (25.212-b04 mixed mode windows-amd64 compressed oops)
Heap:
 PSYoungGen      total 152576K, used 152568K [0x00000000f5580000, 0x0000000100000000, 0x0000000100000000)
  eden space 132096K, 100% used [0x00000000f5580000,0x00000000fd680000,0x00000000fd680000)
  from space 20480K, 99% used [0x00000000fd680000,0x00000000fea7e358,0x00000000fea80000)
  to   space 22016K, 99% used [0x00000000fea80000,0x00000000fffff6e0,0x0000000100000000)
 ParOldGen       total 349696K, used 349692K [0x00000000e0000000, 0x00000000f5580000, 0x00000000f5580000)
  object space 349696K, 99% used [0x00000000e0000000,0x00000000f557f338,0x00000000f5580000)
 Metaspace       used 109092K, capacity 115086K, committed 115840K, reserved 1150976K
  class space    used 13678K, capacity 14783K, committed 14976K, reserved 1048576K
GC Heap History (10 events):
Event: 25046.180 GC heap after
Heap after GC invocations=197 (full 7):
 PSYoungGen      total 148992K, used 8498K [0x00000000f5580000, 0x00000000ffd00000, 0x0000000100000000)
  eden space 128512K, 0% used [0x00000000f5580000,0x00000000f5580000,0x00000000fd300000)
  from space 20480K, 41% used [0x00000000fe900000,0x00000000ff14cab0,0x00000000ffd00000)
  to   space 21504K, 0% used [0x00000000fd300000,0x00000000fd300000,0x00000000fe800000)
 ParOldGen       total 349696K, used 324081K [0x00000000e0000000, 0x00000000f5580000, 0x00000000f5580000)
  object space 349696K, 92% used [0x00000000e0000000,0x00000000f3c7c678,0x00000000f5580000)
 Metaspace       used 109086K, capacity 115086K, committed 115840K, reserved 1150976K
  class space    used 13678K, capacity 14783K, committed 14976K, reserved 1048576K
}
Event: 25046.354 GC heap before
{Heap before GC invocations=198 (full 7):
 PSYoungGen      total 148992K, used 137010K [0x00000000f5580000, 0x00000000ffd00000, 0x0000000100000000)
  eden space 128512K, 100% used [0x00000000f5580000,0x00000000fd300000,0x00000000fd300000)
  from space 20480K, 41% used [0x00000000fe900000,0x00000000ff14cab0,0x00000000ffd00000)
  to   space 21504K, 0% used [0x00000000fd300000,0x00000000fd300000,0x00000000fe800000)
 ParOldGen       total 349696K, used 324081K [0x00000000e0000000, 0x00000000f5580000, 0x00000000f5580000)
  object space 349696K, 92% used [0x00000000e0000000,0x00000000f3c7c678,0x00000000f5580000)
 Metaspace       used 109087K, capacity 115086K, committed 115840K, reserved 1150976K
  class space    used 13678K, capacity 14783K, committed 14976K, reserved 1048576K
Event: 25046.364 GC heap after
Heap after GC invocations=198 (full 7):
 PSYoungGen      total 150016K, used 1945K [0x00000000f5580000, 0x0000000100000000, 0x0000000100000000)
  eden space 128512K, 0% used [0x00000000f5580000,0x00000000f5580000,0x00000000fd300000)
  from space 21504K, 9% used [0x00000000fd300000,0x00000000fd4e6628,0x00000000fe800000)
  to   space 20992K, 0% used [0x00000000feb80000,0x00000000feb80000,0x0000000100000000)
 ParOldGen       total 349696K, used 325338K [0x00000000e0000000, 0x00000000f5580000, 0x00000000f5580000)
  object space 349696K, 93% used [0x00000000e0000000,0x00000000f3db68a8,0x00000000f5580000)
 Metaspace       used 109087K, capacity 115086K, committed 115840K, reserved 1150976K
  class space    used 13678K, capacity 14783K, committed 14976K, reserved 1048576K
}
Event: 25046.711 GC heap before
{Heap before GC invocations=199 (full 7):
 PSYoungGen      total 150016K, used 130457K [0x00000000f5580000, 0x0000000100000000, 0x0000000100000000)
  eden space 128512K, 100% used [0x00000000f5580000,0x00000000fd300000,0x00000000fd300000)
  from space 21504K, 9% used [0x00000000fd300000,0x00000000fd4e6628,0x00000000fe800000)
  to   space 20992K, 0% used [0x00000000feb80000,0x00000000feb80000,0x0000000100000000)
 ParOldGen       total 349696K, used 325338K [0x00000000e0000000, 0x00000000f5580000, 0x00000000f5580000)
  object space 349696K, 93% used [0x00000000e0000000,0x00000000f3db68a8,0x00000000f5580000)
 Metaspace       used 109087K, capacity 115086K, committed 115840K, reserved 1150976K
  class space    used 13678K, capacity 14783K, committed 14976K, reserved 1048576K
Event: 25046.718 GC heap after
Heap after GC invocations=199 (full 7):
 PSYoungGen      total 151552K, used 1648K [0x00000000f5580000, 0x00000000ffe80000, 0x0000000100000000)
  eden space 132096K, 0% used [0x00000000f5580000,0x00000000f5580000,0x00000000fd680000)
  from space 19456K, 8% used [0x00000000feb80000,0x00000000fed1c010,0x00000000ffe80000)
  to   space 20480K, 0% used [0x00000000fd680000,0x00000000fd680000,0x00000000fea80000)
 ParOldGen       total 349696K, used 326027K [0x00000000e0000000, 0x00000000f5580000, 0x00000000f5580000)
  object space 349696K, 93% used [0x00000000e0000000,0x00000000f3e62ed0,0x00000000f5580000)
 Metaspace       used 109087K, capacity 115086K, committed 115840K, reserved 1150976K
  class space    used 13678K, capacity 14783K, committed 14976K, reserved 1048576K
}
Event: 25047.082 GC heap before
{Heap before GC invocations=200 (full 7):
 PSYoungGen      total 151552K, used 133744K [0x00000000f5580000, 0x00000000ffe80000, 0x0000000100000000)
  eden space 132096K, 100% used [0x00000000f5580000,0x00000000fd680000,0x00000000fd680000)
  from space 19456K, 8% used [0x00000000feb80000,0x00000000fed1c010,0x00000000ffe80000)
  to   space 20480K, 0% used [0x00000000fd680000,0x00000000fd680000,0x00000000fea80000)
 ParOldGen       total 349696K, used 326027K [0x00000000e0000000, 0x00000000f5580000, 0x00000000f5580000)
  object space 349696K, 93% used [0x00000000e0000000,0x00000000f3e62ed0,0x00000000f5580000)
 Metaspace       used 109092K, capacity 115086K, committed 115840K, reserved 1150976K
  class space    used 13678K, capacity 14783K, committed 14976K, reserved 1048576K
Event: 25047.096 GC heap after
Heap after GC invocations=200 (full 7):
 PSYoungGen      total 152576K, used 20472K [0x00000000f5580000, 0x0000000100000000, 0x0000000100000000)
  eden space 132096K, 0% used [0x00000000f5580000,0x00000000f5580000,0x00000000fd680000)
  from space 20480K, 99% used [0x00000000fd680000,0x00000000fea7e358,0x00000000fea80000)
  to   space 22016K, 0% used [0x00000000fea80000,0x00000000fea80000,0x0000000100000000)
 ParOldGen       total 349696K, used 335581K [0x00000000e0000000, 0x00000000f5580000, 0x00000000f5580000)
  object space 349696K, 95% used [0x00000000e0000000,0x00000000f47b7548,0x00000000f5580000)
 Metaspace       used 109092K, capacity 115086K, committed 115840K, reserved 1150976K
  class space    used 13678K, capacity 14783K, committed 14976K, reserved 1048576K
}
Event: 25047.422 GC heap before
{Heap before GC invocations=201 (full 7):
 PSYoungGen      total 152576K, used 152568K [0x00000000f5580000, 0x0000000100000000, 0x0000000100000000)
  eden space 132096K, 100% used [0x00000000f5580000,0x00000000fd680000,0x00000000fd680000)
  from space 20480K, 99% used [0x00000000fd680000,0x00000000fea7e358,0x00000000fea80000)
  to   space 22016K, 0% used [0x00000000fea80000,0x00000000fea80000,0x0000000100000000)
 ParOldGen       total 349696K, used 335581K [0x00000000e0000000, 0x00000000f5580000, 0x00000000f5580000)
  object space 349696K, 95% used [0x00000000e0000000,0x00000000f47b7548,0x00000000f5580000)
 Metaspace       used 109092K, capacity 115086K, committed 115840K, reserved 1150976K
  class space    used 13678K, capacity 14783K, committed 14976K, reserved 1048576K
Event: 25047.813 GC heap after
Heap after GC invocations=201 (full 7):
 PSYoungGen      total 152576K, used 152568K [0x00000000f5580000, 0x0000000100000000, 0x0000000100000000)
  eden space 132096K, 100% used [0x00000000f5580000,0x00000000fd680000,0x00000000fd680000)
  from space 20480K, 99% used [0x00000000fd680000,0x00000000fea7e358,0x00000000fea80000)
  to   space 22016K, 99% used [0x00000000fea80000,0x00000000fffff6e0,0x0000000100000000)
 ParOldGen       total 349696K, used 349692K [0x00000000e0000000, 0x00000000f5580000, 0x00000000f5580000)
  object space 349696K, 99% used [0x00000000e0000000,0x00000000f557f338,0x00000000f5580000)
 Metaspace       used 109092K, capacity 115086K, committed 115840K, reserved 1150976K
  class space    used 13678K, capacity 14783K, committed 14976K, reserved 1048576K
}
Event: 25047.813 GC heap before
{Heap before GC invocations=202 (full 8):
 PSYoungGen      total 152576K, used 152568K [0x00000000f5580000, 0x0000000100000000, 0x0000000100000000)
  eden space 132096K, 100% used [0x00000000f5580000,0x00000000fd680000,0x00000000fd680000)
  from space 20480K, 99% used [0x00000000fd680000,0x00000000fea7e358,0x00000000fea80000)
  to   space 22016K, 99% used [0x00000000fea80000,0x00000000fffff6e0,0x0000000100000000)
 ParOldGen       total 349696K, used 349692K [0x00000000e0000000, 0x00000000f5580000, 0x00000000f5580000)
  object space 349696K, 99% used [0x00000000e0000000,0x00000000f557f338,0x00000000f5580000)
 Metaspace       used 109092K, capacity 115086K, committed 115840K, reserved 1150976K
  class space    used 13678K, capacity 14783K, committed 14976K, reserved 1048576K

